<?xml version="1.0" encoding="UTF-8"?>
<!-- Generated by org.testng.reporters.JUnitXMLReporter -->
<testsuite ignored="0" hostname="DESKTOP-PVBJ9N2" failures="0" tests="2" name="Default test" time="0.297" errors="0" timestamp="2022-08-08T21:01:46 IST">
  <testcase classname="com.prestocafe.test.LoginTest" name="@BeforeTest initializeDriverandLaunchUrl" time="0.081">
    <failure type="java.lang.NullPointerException" message="Cannot invoke &amp;quot;java.io.FileInputStream.close()&amp;quot; because &amp;quot;fis&amp;quot; is null">
      <![CDATA[java.lang.NullPointerException: Cannot invoke "java.io.FileInputStream.close()" because "fis" is null
at com.prestocafe.datahandler.PropertyDataHandler.readPropertiesFile(PropertyDataHandler.java:24)
at com.prestocafe.test.LoginTest.initializeDriverandLaunchUrl(LoginTest.java:36)
at java.base/jdk.internal.reflect.NativeMethodAccessorImpl.invoke0(Native Method)
at java.base/jdk.internal.reflect.NativeMethodAccessorImpl.invoke(NativeMethodAccessorImpl.java:77)
at java.base/jdk.internal.reflect.DelegatingMethodAccessorImpl.invoke(DelegatingMethodAccessorImpl.java:43)
at java.base/java.lang.reflect.Method.invoke(Method.java:568)
at org.testng.internal.invokers.MethodInvocationHelper.invokeMethod(MethodInvocationHelper.java:135)
at org.testng.internal.invokers.MethodInvocationHelper.invokeMethodConsideringTimeout(MethodInvocationHelper.java:65)
at org.testng.internal.invokers.ConfigInvoker.invokeConfigurationMethod(ConfigInvoker.java:381)
at org.testng.internal.invokers.ConfigInvoker.invokeConfigurations(ConfigInvoker.java:319)
at org.testng.TestRunner.invokeTestConfigurations(TestRunner.java:645)
at org.testng.TestRunner.beforeRun(TestRunner.java:634)
at org.testng.TestRunner.run(TestRunner.java:596)
at org.testng.SuiteRunner.runTest(SuiteRunner.java:429)
at org.testng.SuiteRunner.runSequentially(SuiteRunner.java:423)
at org.testng.SuiteRunner.privateRun(SuiteRunner.java:383)
at org.testng.SuiteRunner.run(SuiteRunner.java:326)
at org.testng.SuiteRunnerWorker.runSuite(SuiteRunnerWorker.java:52)
at org.testng.SuiteRunnerWorker.run(SuiteRunnerWorker.java:95)
at org.testng.TestNG.runSuitesSequentially(TestNG.java:1249)
at org.testng.TestNG.runSuitesLocally(TestNG.java:1169)
at org.testng.TestNG.runSuites(TestNG.java:1092)
at org.testng.TestNG.run(TestNG.java:1060)
at org.testng.remote.AbstractRemoteTestNG.run(AbstractRemoteTestNG.java:115)
at org.testng.remote.RemoteTestNG.initAndRun(RemoteTestNG.java:251)
at org.testng.remote.RemoteTestNG.main(RemoteTestNG.java:77)
]]>
    </failure>
  </testcase> <!-- @BeforeTest initializeDriverandLaunchUrl -->
  <testcase classname="com.prestocafe.test.LoginTest" name="@AfterTest closeWindow" time="0.0">
    <skipped/>
  </testcase> <!-- @AfterTest closeWindow -->
  <testcase classname="com.prestocafe.test.LoginTest" name="checkElementsDisplayed" time="0.0">
    <skipped/>
  </testcase> <!-- checkElementsDisplayed -->
  <testcase classname="com.prestocafe.test.LoginTest" name="validLogin" time="0.0">
    <skipped/>
  </testcase> <!-- validLogin -->
</testsuite> <!-- Default test -->
