<?xml version="1.0" encoding="UTF-8"?>
<testng-results ignored="0" total="2" passed="2" failed="0" skipped="0">
  <reporter-output>
  </reporter-output>
  <suite started-at="2022-07-29T20:10:10 IST" name="Default suite" finished-at="2022-07-29T20:11:13 IST" duration-ms="62961">
    <groups>
    </groups>
    <test started-at="2022-07-29T20:10:10 IST" name="Default test" finished-at="2022-07-29T20:11:13 IST" duration-ms="62961">
      <class name="firstset.Testleaf">
        <test-method signature="radioButton()[pri:0, instance:firstset.Testleaf@37858383]" started-at="2022-07-29T20:10:10 IST" name="radioButton" finished-at="2022-07-29T20:11:01 IST" duration-ms="51295" status="PASS">
          <reporter-output>
          </reporter-output>
        </test-method> <!-- radioButton -->
        <test-method signature="table()[pri:1, instance:firstset.Testleaf@37858383]" started-at="2022-07-29T20:11:01 IST" name="table" finished-at="2022-07-29T20:11:13 IST" duration-ms="11554" status="PASS">
          <reporter-output>
          </reporter-output>
        </test-method> <!-- table -->
      </class> <!-- firstset.Testleaf -->
    </test> <!-- Default test -->
  </suite> <!-- Default suite -->
</testng-results>
