<?xml version="1.0" encoding="UTF-8"?>
<!-- Generated by org.testng.reporters.JUnitXMLReporter -->
<testsuite ignored="0" hostname="DESKTOP-PVBJ9N2" failures="0" tests="2" name="ChromeTest" time="0.137" errors="0" timestamp="2022-08-08T21:11:01 IST">
  <testcase classname="com.prestocafe.test.LoginTest" name="@BeforeTest initializeDriverandLaunchUrl" time="0.03">
    <failure type="java.lang.NullPointerException" message="Cannot invoke &amp;quot;java.io.FileInputStream.close()&amp;quot; because &amp;quot;fis&amp;quot; is null">
      <![CDATA[java.lang.NullPointerException: Cannot invoke "java.io.FileInputStream.close()" because "fis" is null
at com.prestocafe.datahandler.PropertyDataHandler.readPropertiesFile(PropertyDataHandler.java:24)
at com.prestocafe.test.LoginTest.initializeDriverandLaunchUrl(LoginTest.java:36)
... Removed 24 stack frames]]>
    </failure>
  </testcase> <!-- @BeforeTest initializeDriverandLaunchUrl -->
  <testcase classname="com.prestocafe.test.LoginTest" name="@AfterTest closeWindow" time="0.0">
    <skipped/>
  </testcase> <!-- @AfterTest closeWindow -->
  <testcase classname="com.prestocafe.test.LoginTest" name="checkElementsDisplayed" time="0.001">
    <skipped/>
  </testcase> <!-- checkElementsDisplayed -->
  <testcase classname="com.prestocafe.test.LoginTest" name="validLogin" time="0.0">
    <skipped/>
  </testcase> <!-- validLogin -->
</testsuite> <!-- ChromeTest -->
