<?xml version="1.0" encoding="UTF-8"?>
<!-- Generated by org.testng.reporters.JUnitXMLReporter -->
<testsuite ignored="0" hostname="DESKTOP-PVBJ9N2" failures="0" tests="0" name="ChromeTest" time="69.766" errors="0" timestamp="2022-08-15T19:44:36 IST">
  <testcase classname="com.prestocafe.test.HomePageTest" name="@BeforeTest initializeDriverandLaunchUrl" time="69.02">
    <failure type="java.lang.Exception" message="click (ClickActionHelper) : Driver must be set">
      <![CDATA[java.lang.Exception: click (ClickActionHelper) : Driver must be set
at com.automation.actions.ClickActionHelpers.click(ClickActionHelpers.java:15)
at com.prestocafe.pages.LoginPage.login(LoginPage.java:47)
at com.prestocafe.test.HomePageTest.initializeDriverandLaunchUrl(HomePageTest.java:40)
... Removed 24 stack frames]]>
    </failure>
  </testcase> <!-- @BeforeTest initializeDriverandLaunchUrl -->
  <testcase classname="com.prestocafe.test.LoginTest" name="@BeforeTest initializeDriverandLaunchUrl" time="0.0">
    <skipped/>
  </testcase> <!-- @BeforeTest initializeDriverandLaunchUrl -->
  <testcase classname="com.prestocafe.test.PeopleTest" name="@BeforeTest initializeDriverandLaunchUrl" time="0.0">
    <skipped/>
  </testcase> <!-- @BeforeTest initializeDriverandLaunchUrl -->
  <testcase classname="com.prestocafe.test.ProductTest" name="@BeforeTest initializeDriverandLaunchUrl" time="0.0">
    <skipped/>
  </testcase> <!-- @BeforeTest initializeDriverandLaunchUrl -->
  <testcase classname="com.prestocafe.test.StoresTest" name="@BeforeTest initializeDriverandLaunchUrl" time="0.0">
    <skipped/>
  </testcase> <!-- @BeforeTest initializeDriverandLaunchUrl -->
  <testcase classname="com.prestocafe.test.LoginTest" name="@AfterTest closeWindow" time="0.0">
    <skipped/>
  </testcase> <!-- @AfterTest closeWindow -->
</testsuite> <!-- ChromeTest -->
